  main.cpp
E:\Documents\Studia\Semestr 5\PEA\zadanie3\Pea_zad3\DataMatrix.h(12,21): warning C4305: 'initializing': truncation from 'double' to 'float'
E:\Documents\Studia\Semestr 5\PEA\zadanie3\Pea_zad3\DataMatrix.h(13,21): warning C4305: 'initializing': truncation from 'double' to 'float'
E:\Documents\Studia\Semestr 5\PEA\zadanie3\Pea_zad3\main.cpp(72,32): warning C4244: 'argument': conversion from 'int' to '_Ty', possible loss of data
          with
          [
              _Ty=float
          ]
E:\Documents\Studia\Semestr 5\PEA\zadanie3\Pea_zad3\main.cpp(75,32): warning C4244: 'argument': conversion from 'int' to '_Ty', possible loss of data
          with
          [
              _Ty=float
          ]
E:\Documents\Studia\Semestr 5\PEA\zadanie3\Pea_zad3\main.cpp(92,20): warning C4018: '<': signed/unsigned mismatch
E:\Documents\Studia\Semestr 5\PEA\zadanie3\Pea_zad3\main.cpp(117,21): warning C4018: '<': signed/unsigned mismatch
E:\Documents\Studia\Semestr 5\PEA\zadanie3\Pea_zad3\main.cpp(119,22): warning C4018: '<': signed/unsigned mismatch
E:\Documents\Studia\Semestr 5\PEA\zadanie3\Pea_zad3\main.cpp(126,21): warning C4018: '<': signed/unsigned mismatch
E:\Documents\Studia\Semestr 5\PEA\zadanie3\Pea_zad3\main.cpp(129,22): warning C4018: '<': signed/unsigned mismatch
E:\Documents\Studia\Semestr 5\PEA\zadanie3\Pea_zad3\main.cpp(227,22): warning C4018: '<': signed/unsigned mismatch
  Generating code
  1 of 684 functions ( 0.1%) were compiled, the rest were copied from previous compilation.
    0 functions were new in current compilation
    1 functions had inline decision re-evaluated but remain unchanged
  Finished generating code
  Pea_zad3.vcxproj -> E:\Documents\Studia\Semestr 5\PEA\zadanie3\Pea_zad3\Release\Pea_zad3.exe
